app/build/intermediates/manifest_merge_blame_file/debug/manifest-merger-blame-debug-report.txt
1<?xml version="1.0" encoding="utf-8"?>
2<manifest xmlns:android="http://schemas.android.com/apk/res/android"
3    package="com.benhero.glstudio"
4    android:versionCode="1"
5    android:versionName="1.0" >
6
7    <uses-sdk
8        android:minSdkVersion="21"
8-->src\main\AndroidManifest.xml
9        android:targetSdkVersion="28" />
9-->src\main\AndroidManifest.xml
10
11    <uses-feature
11-->src\main\AndroidManifest.xml:6:5-8:35
12        android:glEsVersion="0x00020000"
12-->src\main\AndroidManifest.xml:7:9-41
13        android:required="true" />
13-->src\main\AndroidManifest.xml:8:9-32
14
15    <supports-gl-texture android:name="GL_OES_compressed_ETC1_RGB8_texture" />
15-->src\main\AndroidManifest.xml:10:5-79
15-->src\main\AndroidManifest.xml:10:26-76
16    <supports-gl-texture android:name="GL_OES_compressed_paletted_texture" />
16-->src\main\AndroidManifest.xml:11:5-78
16-->src\main\AndroidManifest.xml:11:26-75
17
18    <uses-permission android:name="android.permission.WRITE_EXTERNAL_STORAGE" />
18-->src\main\AndroidManifest.xml:13:5-81
18-->src\main\AndroidManifest.xml:13:22-78
19    <uses-permission android:name="android.permission.CAMERA" />
19-->src\main\AndroidManifest.xml:14:5-65
19-->src\main\AndroidManifest.xml:14:22-62
20    <uses-permission android:name="android.permission.INTERNET" />
20-->[com.jayfeng:lesscode-core:2.4.2] AndroidManifest.xml:11:5-67
20-->[com.jayfeng:lesscode-core:2.4.2] AndroidManifest.xml:11:22-64
21    <uses-permission android:name="android.permission.ACCESS_NETWORK_STATE" /> <!-- for getting mac address -->
21-->[com.jayfeng:lesscode-core:2.4.2] AndroidManifest.xml:12:5-79
21-->[com.jayfeng:lesscode-core:2.4.2] AndroidManifest.xml:12:22-76
22    <uses-permission android:name="android.permission.ACCESS_WIFI_STATE" />
22-->[com.jayfeng:lesscode-core:2.4.2] AndroidManifest.xml:15:5-76
22-->[com.jayfeng:lesscode-core:2.4.2] AndroidManifest.xml:15:22-73
23    <uses-permission android:name="android.permission.GET_TASKS" />
23-->[com.jayfeng:lesscode-core:2.4.2] AndroidManifest.xml:16:5-68
23-->[com.jayfeng:lesscode-core:2.4.2] AndroidManifest.xml:16:22-65
24    <uses-permission android:name="android.permission.READ_EXTERNAL_STORAGE" />
25
26    <application
26-->src\main\AndroidManifest.xml:16:5-38:19
27        android:appComponentFactory="android.support.v4.app.CoreComponentFactory"
27-->[com.android.support:support-compat:28.0.0] AndroidManifest.xml:22:18-91
28        android:debuggable="true"
29        android:icon="@mipmap/ic_launcher"
29-->src\main\AndroidManifest.xml:17:9-43
30        android:label="@string/app_name"
30-->src\main\AndroidManifest.xml:18:9-41
31        android:roundIcon="@mipmap/ic_launcher"
31-->src\main\AndroidManifest.xml:19:9-48
32        android:theme="@style/AppTheme" >
32-->src\main\AndroidManifest.xml:20:9-40
33        <activity
33-->src\main\AndroidManifest.xml:22:9-30:20
34            android:name="com.benhero.glstudio.MainActivity"
34-->src\main\AndroidManifest.xml:23:13-41
35            android:screenOrientation="portrait" >
35-->src\main\AndroidManifest.xml:24:13-49
36            <intent-filter>
36-->src\main\AndroidManifest.xml:25:13-29:29
37                <action android:name="android.intent.action.MAIN" />
37-->src\main\AndroidManifest.xml:26:17-69
37-->src\main\AndroidManifest.xml:26:25-66
38
39                <category android:name="android.intent.category.LAUNCHER" />
39-->src\main\AndroidManifest.xml:28:17-77
39-->src\main\AndroidManifest.xml:28:27-74
40            </intent-filter>
41        </activity>
42        <activity
42-->src\main\AndroidManifest.xml:31:9-33:52
43            android:name="com.benhero.glstudio.VideoActivity"
43-->src\main\AndroidManifest.xml:32:13-42
44            android:screenOrientation="portrait" />
44-->src\main\AndroidManifest.xml:33:13-49
45        <activity
45-->src\main\AndroidManifest.xml:34:9-37:64
46            android:name="com.benhero.glstudio.CameraActivity"
46-->src\main\AndroidManifest.xml:35:13-43
47            android:screenOrientation="portrait"
47-->src\main\AndroidManifest.xml:36:13-49
48            android:theme="@style/AppTheme.TranslucentDecor" />
48-->src\main\AndroidManifest.xml:37:13-61
49        <activity
49-->[gun0912.ted:tedpermission:2.2.0] AndroidManifest.xml:10:9-14:67
50            android:name="com.gun0912.tedpermission.TedPermissionActivity"
50-->[gun0912.ted:tedpermission:2.2.0] AndroidManifest.xml:11:13-75
51            android:configChanges="mcc|mnc|locale|keyboard|keyboardHidden|screenLayout|fontScale|uiMode|orientation|screenSize|layoutDirection"
51-->[gun0912.ted:tedpermission:2.2.0] AndroidManifest.xml:12:13-144
52            android:screenOrientation="unspecified"
52-->[gun0912.ted:tedpermission:2.2.0] AndroidManifest.xml:13:13-52
53            android:theme="@style/Theme.Transparent.Permission" />
53-->[gun0912.ted:tedpermission:2.2.0] AndroidManifest.xml:14:13-64
54    </application>
55
56</manifest>